<?xml version="1.0" encoding="UTF-8"?>
<robot generator="Robot 6.1.1 (Python 3.10.12 on win32)" generated="20240328 16:22:46.983" rpa="true" schemaversion="4">
<suite id="s1" name="Tasks" source="c:\Users\maria.recchia\OneDrive - LUTECH SPA\Documenti\robRF2\tasks.robot">
<test id="s1-t1" name="Order robots from RobotSpareBin Industries Inc" line="19">
<kw name="Open the intranet website">
<kw name="Open Available Browser" library="RPA.Browser.Selenium">
<arg>https://robotsparebinindustries.com/#/robot-order</arg>
<doc>Attempts to open a browser on the user's device from a set of
supported browsers. Automatically downloads a corresponding webdriver
if none is already installed.</doc>
<msg timestamp="20240328 16:22:58.709" level="INFO">Downloaded webdriver to: C:\Users\maria.recchia\AppData\Local\robocorp\webdrivers\.wdm\drivers\chromedriver\win64\123.0.6312.86\chromedriver-win32/chromedriver.exe</msg>
<msg timestamp="20240328 16:22:58.943" level="INFO">Webdriver version taken into use: ChromeDriver 123.0.6312.86 (9b72c47a053648d405376c5cf07999ed626728da-refs/branch-heads/6312@{#698})
</msg>
<msg timestamp="20240328 16:22:58.943" level="INFO">Creating an instance of the Chrome WebDriver.</msg>
<msg timestamp="20240328 16:23:00.371" level="INFO">Created Chrome browser (version 123.0.6312) with arguments: --disable-dev-shm-usage --disable-web-security --allow-running-insecure-content --no-sandbox</msg>
<msg timestamp="20240328 16:23:00.372" level="INFO" html="true">&lt;p&gt;Attempted combinations:&lt;/p&gt;&lt;div class="doc"&gt;&lt;table&gt;&lt;tr&gt;&lt;th&gt;Browser&lt;/th&gt;&lt;th&gt;Download&lt;/th&gt;&lt;th&gt;Error&lt;/th&gt;&lt;/tr&gt;&lt;tr&gt;&lt;td&gt;Chrome&lt;/td&gt;&lt;td&gt;False&lt;/td&gt;&lt;td&gt;Message: Webdriver executable 'chromedriver' is not in PATH (with disabled Selenium Manager)
&lt;/td&gt;&lt;/tr&gt;&lt;tr&gt;&lt;td&gt;Chrome&lt;/td&gt;&lt;td&gt;True&lt;/td&gt;&lt;td&gt;&lt;/td&gt;&lt;/tr&gt;&lt;/table&gt;&lt;/div&gt;</msg>
<msg timestamp="20240328 16:23:00.373" level="INFO">Opening url 'https://robotsparebinindustries.com/#/robot-order'</msg>
<status status="PASS" starttime="20240328 16:22:51.433" endtime="20240328 16:23:01.207"/>
</kw>
<status status="PASS" starttime="20240328 16:22:51.433" endtime="20240328 16:23:01.209"/>
</kw>
<kw name="Get orders">
<var>${orders}</var>
<kw name="Download" library="RPA.HTTP">
<arg>https://robotsparebinindustries.com/orders.csv</arg>
<arg>overwrite=True</arg>
<doc>An alias for the ``HTTP Get`` keyword.</doc>
<msg timestamp="20240328 16:23:01.217" level="INFO">Creating a new HTTP session</msg>
<msg timestamp="20240328 16:23:01.217" level="INFO">Creating Session using : alias=rpasession_alias.httpsrobotsparebinindustries.com, url=https://robotsparebinindustries.com, headers={},                     cookies={}, auth=None, timeout=None, proxies=None, verify=True,                     debug=0 </msg>
<status status="PASS" starttime="20240328 16:23:01.217" endtime="20240328 16:23:01.718"/>
</kw>
<kw name="Read table from CSV" library="RPA.Tables">
<var>${workbook}</var>
<arg>path=orders.csv</arg>
<arg>header=True</arg>
<doc>Read a CSV file as a table.</doc>
<msg timestamp="20240328 16:23:01.734" level="INFO">${workbook} = Table(columns=['Order number', 'Head', 'Body', 'Legs', 'Address'], rows=20)</msg>
<status status="PASS" starttime="20240328 16:23:01.718" endtime="20240328 16:23:01.734"/>
</kw>
<kw name="RETURN ${workbook}">
<msg timestamp="20240328 16:23:01.734" level="FAIL">No keyword with name 'RETURN ${workbook}' found.</msg>
<status status="FAIL" starttime="20240328 16:23:01.734" endtime="20240328 16:23:01.734"/>
</kw>
<status status="FAIL" starttime="20240328 16:23:01.215" endtime="20240328 16:23:01.734"/>
</kw>
<kw name="Insert orders">
<arg>${orders}</arg>
<status status="NOT RUN" starttime="20240328 16:23:01.734" endtime="20240328 16:23:01.734"/>
</kw>
<kw name="Archive receipts">
<status status="NOT RUN" starttime="20240328 16:23:01.734" endtime="20240328 16:23:01.734"/>
</kw>
<kw name="Close the browser" type="TEARDOWN">
<kw name="Close Browser" library="RPA.Browser.Selenium">
<doc>Closes the current browser.</doc>
<status status="PASS" starttime="20240328 16:23:01.734" endtime="20240328 16:23:03.969"/>
</kw>
<status status="PASS" starttime="20240328 16:23:01.734" endtime="20240328 16:23:03.969"/>
</kw>
<status status="FAIL" starttime="20240328 16:22:51.433" endtime="20240328 16:23:03.971">No keyword with name 'RETURN ${workbook}' found.</status>
</test>
<doc>Orders robots from RobotSpareBin Industries Inc.
Saves the order HTML receipt as a PDF file.
Saves the screenshot of the ordered robot.
Embeds the screenshot of the robot to the PDF receipt.
Creates ZIP archive of the receipts and the images.</doc>
<status status="FAIL" starttime="20240328 16:22:47.026" endtime="20240328 16:23:03.972"/>
</suite>
<statistics>
<total>
<stat pass="0" fail="1" skip="0">All Tasks</stat>
</total>
<tag>
</tag>
<suite>
<stat pass="0" fail="1" skip="0" id="s1" name="Tasks">Tasks</stat>
</suite>
</statistics>
<errors>
</errors>
</robot>
